get_robot_path /home/chris/culoco/src/culoco/content/assets
from_basic ee_links ['arm_link6', 'FL_foot', 'FR_foot', 'RL_foot', 'RR_foot']
__post_init__ ['arm_link6', 'FL_foot', 'FR_foot', 'RL_foot', 'RR_foot']
__post_init__ ['arm_link6', 'FL_foot', 'FR_foot', 'RL_foot', 'RR_foot']
['arm_link6', 'FL_foot', 'FR_foot', 'RL_foot', 'RR_foot']
0 0
1 1
2 2
3 3
4 4
RobotConfig(kinematics=CudaRobotModelConfig(tensor_args=TensorDeviceType(device=device(type='cuda', index=0), dtype=torch.float32, collision_geometry_dtype=torch.float32, collision_gradient_dtype=torch.float32, collision_distance_dtype=torch.float32), link_names=['arm_link6', 'FL_foot', 'FR_foot', 'RL_foot', 'RR_foot'], kinematics_config=MultiplyChainKinematicsTensorConfig(fixed_transforms=tensor([[[ 1.0000e+00,  0.0000e+00,  0.0000e+00,  0.0000e+00],
         [ 0.0000e+00,  1.0000e+00,  0.0000e+00,  0.0000e+00],
         [ 0.0000e+00,  0.0000e+00,  1.0000e+00,  0.0000e+00],
         [ 0.0000e+00,  0.0000e+00,  0.0000e+00,  1.0000e+00]],

        [[ 1.0000e+00,  0.0000e+00,  0.0000e+00,  0.0000e+00],
         [ 0.0000e+00,  1.0000e+00,  0.0000e+00,  0.0000e+00],
         [ 0.0000e+00,  0.0000e+00,  1.0000e+00,  0.0000e+00],
         [ 0.0000e+00,  0.0000e+00,  0.0000e+00,  1.0000e+00]],

        [[ 1.0000e+00,  0.0000e+00,  0.0000e+00,  0.0000e+00],
         [ 0.0000e+00,  1.0000e+00,  0.0000e+00,  0.0000e+00],
         [ 0.0000e+00,  0.0000e+00,  1.0000e+00,  5.6500e-02],
         [ 0.0000e+00,  0.0000e+00,  0.0000e+00,  1.0000e+00]],

        [[ 1.0000e+00,  0.0000e+00,  0.0000e+00,  2.0000e-02],
         [ 0.0000e+00,  1.0000e+00,  0.0000e+00,  0.0000e+00],
         [ 0.0000e+00,  0.0000e+00,  1.0000e+00,  4.7000e-02],
         [ 0.0000e+00,  0.0000e+00,  0.0000e+00,  1.0000e+00]],

        [[ 1.0000e+00,  0.0000e+00,  0.0000e+00, -2.6400e-01],
         [ 0.0000e+00, -1.0000e+00, -7.3464e-06,  0.0000e+00],
         [ 0.0000e+00,  7.3464e-06, -1.0000e+00,  0.0000e+00],
         [ 0.0000e+00,  0.0000e+00,  0.0000e+00,  1.0000e+00]],

        [[ 1.0000e+00,  0.0000e+00,  0.0000e+00,  2.4500e-01],
         [ 0.0000e+00,  1.0000e+00,  0.0000e+00, -5.0000e-05],
         [ 0.0000e+00,  0.0000e+00,  1.0000e+00, -6.0000e-02],
         [ 0.0000e+00,  0.0000e+00,  0.0000e+00,  1.0000e+00]],

        [[ 1.0000e+00,  0.0000e+00,  0.0000e+00,  7.3914e-02],
         [ 0.0000e+00,  1.0000e+00,  0.0000e+00,  5.0000e-05],
         [ 0.0000e+00,  0.0000e+00,  1.0000e+00, -8.3391e-02],
         [ 0.0000e+00,  0.0000e+00,  0.0000e+00,  1.0000e+00]],

        [[ 1.0000e+00,  0.0000e+00,  0.0000e+00,  2.5286e-02],
         [ 0.0000e+00, -1.0000e+00,  7.3464e-06,  0.0000e+00],
         [ 0.0000e+00, -7.3464e-06, -1.0000e+00,  8.3391e-02],
         [ 0.0000e+00,  0.0000e+00,  0.0000e+00,  1.0000e+00]],

        [[ 1.0000e+00,  0.0000e+00,  0.0000e+00,  1.9340e-01],
         [ 0.0000e+00,  1.0000e+00,  0.0000e+00,  4.6500e-02],
         [ 0.0000e+00,  0.0000e+00,  1.0000e+00,  0.0000e+00],
         [ 0.0000e+00,  0.0000e+00,  0.0000e+00,  1.0000e+00]],

        [[ 1.0000e+00,  0.0000e+00,  0.0000e+00,  0.0000e+00],
         [ 0.0000e+00,  1.0000e+00,  0.0000e+00,  9.5500e-02],
         [ 0.0000e+00,  0.0000e+00,  1.0000e+00,  0.0000e+00],
         [ 0.0000e+00,  0.0000e+00,  0.0000e+00,  1.0000e+00]],

        [[ 1.0000e+00,  0.0000e+00,  0.0000e+00,  0.0000e+00],
         [ 0.0000e+00,  1.0000e+00,  0.0000e+00,  0.0000e+00],
         [ 0.0000e+00,  0.0000e+00,  1.0000e+00, -2.1300e-01],
         [ 0.0000e+00,  0.0000e+00,  0.0000e+00,  1.0000e+00]],

        [[ 1.0000e+00,  0.0000e+00,  0.0000e+00,  0.0000e+00],
         [ 0.0000e+00,  1.0000e+00,  0.0000e+00,  0.0000e+00],
         [ 0.0000e+00,  0.0000e+00,  1.0000e+00, -2.1300e-01],
         [ 0.0000e+00,  0.0000e+00,  0.0000e+00,  1.0000e+00]],

        [[ 1.0000e+00,  0.0000e+00,  0.0000e+00,  1.9340e-01],
         [ 0.0000e+00,  1.0000e+00,  0.0000e+00, -4.6500e-02],
         [ 0.0000e+00,  0.0000e+00,  1.0000e+00,  0.0000e+00],
         [ 0.0000e+00,  0.0000e+00,  0.0000e+00,  1.0000e+00]],

        [[ 1.0000e+00,  0.0000e+00,  0.0000e+00,  0.0000e+00],
         [ 0.0000e+00,  1.0000e+00,  0.0000e+00, -9.5500e-02],
         [ 0.0000e+00,  0.0000e+00,  1.0000e+00,  0.0000e+00],
         [ 0.0000e+00,  0.0000e+00,  0.0000e+00,  1.0000e+00]],

        [[ 1.0000e+00,  0.0000e+00,  0.0000e+00,  0.0000e+00],
         [ 0.0000e+00,  1.0000e+00,  0.0000e+00,  0.0000e+00],
         [ 0.0000e+00,  0.0000e+00,  1.0000e+00, -2.1300e-01],
         [ 0.0000e+00,  0.0000e+00,  0.0000e+00,  1.0000e+00]],

        [[ 1.0000e+00,  0.0000e+00,  0.0000e+00,  0.0000e+00],
         [ 0.0000e+00,  1.0000e+00,  0.0000e+00,  0.0000e+00],
         [ 0.0000e+00,  0.0000e+00,  1.0000e+00, -2.1300e-01],
         [ 0.0000e+00,  0.0000e+00,  0.0000e+00,  1.0000e+00]],

        [[ 1.0000e+00,  0.0000e+00,  0.0000e+00, -1.9340e-01],
         [ 0.0000e+00,  1.0000e+00,  0.0000e+00,  4.6500e-02],
         [ 0.0000e+00,  0.0000e+00,  1.0000e+00,  0.0000e+00],
         [ 0.0000e+00,  0.0000e+00,  0.0000e+00,  1.0000e+00]],

        [[ 1.0000e+00,  0.0000e+00,  0.0000e+00,  0.0000e+00],
         [ 0.0000e+00,  1.0000e+00,  0.0000e+00,  9.5500e-02],
         [ 0.0000e+00,  0.0000e+00,  1.0000e+00,  0.0000e+00],
         [ 0.0000e+00,  0.0000e+00,  0.0000e+00,  1.0000e+00]],

        [[ 1.0000e+00,  0.0000e+00,  0.0000e+00,  0.0000e+00],
         [ 0.0000e+00,  1.0000e+00,  0.0000e+00,  0.0000e+00],
         [ 0.0000e+00,  0.0000e+00,  1.0000e+00, -2.1300e-01],
         [ 0.0000e+00,  0.0000e+00,  0.0000e+00,  1.0000e+00]],

        [[ 1.0000e+00,  0.0000e+00,  0.0000e+00,  0.0000e+00],
         [ 0.0000e+00,  1.0000e+00,  0.0000e+00,  0.0000e+00],
         [ 0.0000e+00,  0.0000e+00,  1.0000e+00, -2.1300e-01],
         [ 0.0000e+00,  0.0000e+00,  0.0000e+00,  1.0000e+00]],

        [[ 1.0000e+00,  0.0000e+00,  0.0000e+00, -1.9340e-01],
         [ 0.0000e+00,  1.0000e+00,  0.0000e+00, -4.6500e-02],
         [ 0.0000e+00,  0.0000e+00,  1.0000e+00,  0.0000e+00],
         [ 0.0000e+00,  0.0000e+00,  0.0000e+00,  1.0000e+00]],

        [[ 1.0000e+00,  0.0000e+00,  0.0000e+00,  0.0000e+00],
         [ 0.0000e+00,  1.0000e+00,  0.0000e+00, -9.5500e-02],
         [ 0.0000e+00,  0.0000e+00,  1.0000e+00,  0.0000e+00],
         [ 0.0000e+00,  0.0000e+00,  0.0000e+00,  1.0000e+00]],

        [[ 1.0000e+00,  0.0000e+00,  0.0000e+00,  0.0000e+00],
         [ 0.0000e+00,  1.0000e+00,  0.0000e+00,  0.0000e+00],
         [ 0.0000e+00,  0.0000e+00,  1.0000e+00, -2.1300e-01],
         [ 0.0000e+00,  0.0000e+00,  0.0000e+00,  1.0000e+00]],

        [[ 1.0000e+00,  0.0000e+00,  0.0000e+00,  0.0000e+00],
         [ 0.0000e+00,  1.0000e+00,  0.0000e+00,  0.0000e+00],
         [ 0.0000e+00,  0.0000e+00,  1.0000e+00, -2.1300e-01],
         [ 0.0000e+00,  0.0000e+00,  0.0000e+00,  1.0000e+00]]],
       device='cuda:0'), link_map=tensor([ 0,  0,  1,  2,  3,  4,  5,  6,  0,  8,  9, 10,  0, 12, 13, 14,  0, 16,
        17, 18,  0, 20, 21, 22], device='cuda:0', dtype=torch.int16), joint_map=tensor([-1, -1,  0,  1,  2,  3,  4,  5,  6,  7,  8, -1,  9, 10, 11, -1, 12, 13,
        14, -1, 15, 16, 17, -1], device='cuda:0', dtype=torch.int16), joint_map_type=tensor([-1, -1,  5,  4,  4,  4,  5,  3,  3,  4,  4, -1,  3,  4,  4, -1,  3,  4,
         4, -1,  3,  4,  4, -1], device='cuda:0', dtype=torch.int8), joint_offset_map=tensor([1., 0., 1., 0., 1., 0., 1., 0., 1., 0., 1., 0., 1., 0., 1., 0., 1., 0.,
        1., 0., 1., 0., 1., 0., 1., 0., 1., 0., 1., 0., 1., 0., 1., 0., 1., 0.,
        1., 0., 1., 0., 1., 0., 1., 0., 1., 0., 1., 0.], device='cuda:0'), store_link_map=tensor([ 7, 11, 15, 19, 23], device='cuda:0', dtype=torch.int16), link_chain_map=tensor([[1, 0, 0, 0, 0, 0, 0, 0, 0, 0, 0, 0, 0, 0, 0, 0, 0, 0, 0, 0, 0, 0, 0, 0],
        [1, 1, 0, 0, 0, 0, 0, 0, 0, 0, 0, 0, 0, 0, 0, 0, 0, 0, 0, 0, 0, 0, 0, 0],
        [1, 1, 1, 0, 0, 0, 0, 0, 0, 0, 0, 0, 0, 0, 0, 0, 0, 0, 0, 0, 0, 0, 0, 0],
        [1, 1, 1, 1, 0, 0, 0, 0, 0, 0, 0, 0, 0, 0, 0, 0, 0, 0, 0, 0, 0, 0, 0, 0],
        [1, 1, 1, 1, 1, 0, 0, 0, 0, 0, 0, 0, 0, 0, 0, 0, 0, 0, 0, 0, 0, 0, 0, 0],
        [1, 1, 1, 1, 1, 1, 0, 0, 0, 0, 0, 0, 0, 0, 0, 0, 0, 0, 0, 0, 0, 0, 0, 0],
        [1, 1, 1, 1, 1, 1, 1, 0, 0, 0, 0, 0, 0, 0, 0, 0, 0, 0, 0, 0, 0, 0, 0, 0],
        [1, 1, 1, 1, 1, 1, 1, 1, 0, 0, 0, 0, 0, 0, 0, 0, 0, 0, 0, 0, 0, 0, 0, 0],
        [1, 0, 0, 0, 0, 0, 0, 0, 1, 0, 0, 0, 0, 0, 0, 0, 0, 0, 0, 0, 0, 0, 0, 0],
        [1, 0, 0, 0, 0, 0, 0, 0, 1, 1, 0, 0, 0, 0, 0, 0, 0, 0, 0, 0, 0, 0, 0, 0],
        [1, 0, 0, 0, 0, 0, 0, 0, 1, 1, 1, 0, 0, 0, 0, 0, 0, 0, 0, 0, 0, 0, 0, 0],
        [1, 0, 0, 0, 0, 0, 0, 0, 1, 1, 1, 1, 0, 0, 0, 0, 0, 0, 0, 0, 0, 0, 0, 0],
        [1, 0, 0, 0, 0, 0, 0, 0, 0, 0, 0, 0, 1, 0, 0, 0, 0, 0, 0, 0, 0, 0, 0, 0],
        [1, 0, 0, 0, 0, 0, 0, 0, 0, 0, 0, 0, 1, 1, 0, 0, 0, 0, 0, 0, 0, 0, 0, 0],
        [1, 0, 0, 0, 0, 0, 0, 0, 0, 0, 0, 0, 1, 1, 1, 0, 0, 0, 0, 0, 0, 0, 0, 0],
        [1, 0, 0, 0, 0, 0, 0, 0, 0, 0, 0, 0, 1, 1, 1, 1, 0, 0, 0, 0, 0, 0, 0, 0],
        [1, 0, 0, 0, 0, 0, 0, 0, 0, 0, 0, 0, 0, 0, 0, 0, 1, 0, 0, 0, 0, 0, 0, 0],
        [1, 0, 0, 0, 0, 0, 0, 0, 0, 0, 0, 0, 0, 0, 0, 0, 1, 1, 0, 0, 0, 0, 0, 0],
        [1, 0, 0, 0, 0, 0, 0, 0, 0, 0, 0, 0, 0, 0, 0, 0, 1, 1, 1, 0, 0, 0, 0, 0],
        [1, 0, 0, 0, 0, 0, 0, 0, 0, 0, 0, 0, 0, 0, 0, 0, 1, 1, 1, 1, 0, 0, 0, 0],
        [1, 0, 0, 0, 0, 0, 0, 0, 0, 0, 0, 0, 0, 0, 0, 0, 0, 0, 0, 0, 1, 0, 0, 0],
        [1, 0, 0, 0, 0, 0, 0, 0, 0, 0, 0, 0, 0, 0, 0, 0, 0, 0, 0, 0, 1, 1, 0, 0],
        [1, 0, 0, 0, 0, 0, 0, 0, 0, 0, 0, 0, 0, 0, 0, 0, 0, 0, 0, 0, 1, 1, 1, 0],
        [1, 0, 0, 0, 0, 0, 0, 0, 0, 0, 0, 0, 0, 0, 0, 0, 0, 0, 0, 0, 1, 1, 1, 1]],
       device='cuda:0', dtype=torch.int16), link_names=['arm_link6', 'FL_foot', 'FR_foot', 'RL_foot', 'RR_foot'], joint_limits=JointLimits(joint_names=['arm_joint1', 'arm_joint2', 'arm_joint3', 'arm_joint4', 'arm_joint5', 'arm_joint6', 'FL_hip_joint', 'FL_thigh_joint', 'FL_calf_joint', 'FR_hip_joint', 'FR_thigh_joint', 'FR_calf_joint', 'RL_hip_joint', 'RL_thigh_joint', 'RL_calf_joint', 'RR_hip_joint', 'RR_thigh_joint', 'RR_calf_joint'], position=tensor([[-10.0000, -10.0000, -10.0000, -10.0000, -10.0000, -10.0000,  -1.0472,
          -1.5708,  -2.7227,  -1.0472,  -1.5708,  -2.7227,  -1.0472,  -0.5236,
          -2.7227,  -1.0472,  -0.5236,  -2.7227],
        [ 10.0000,  10.0000,  10.0000,  10.0000,  10.0000,  10.0000,   1.0472,
           3.4907,  -0.8378,   1.0472,   3.4907,  -0.8378,   1.0472,   4.5379,
          -0.8378,   1.0472,   4.5379,  -0.8378]], device='cuda:0'), velocity=tensor([[-1000.0000, -1000.0000, -1000.0000, -1000.0000, -1000.0000, -1000.0000,
           -30.1000,   -30.1000,   -20.0700,   -30.1000,   -30.1000,   -20.0700,
           -30.1000,   -30.1000,   -20.0700,   -30.1000,   -30.1000,   -20.0700],
        [ 1000.0000,  1000.0000,  1000.0000,  1000.0000,  1000.0000,  1000.0000,
            30.1000,    30.1000,    20.0700,    30.1000,    30.1000,    20.0700,
            30.1000,    30.1000,    20.0700,    30.1000,    30.1000,    20.0700]],
       device='cuda:0'), acceleration=tensor([[-10., -10., -10., -10., -10., -10., -10., -10., -10., -10., -10., -10.,
         -10., -10., -10., -10., -10., -10.],
        [ 10.,  10.,  10.,  10.,  10.,  10.,  10.,  10.,  10.,  10.,  10.,  10.,
          10.,  10.,  10.,  10.,  10.,  10.]], device='cuda:0'), jerk=tensor([[-500., -500., -500., -500., -500., -500., -500., -500., -500., -500.,
         -500., -500., -500., -500., -500., -500., -500., -500.],
        [ 500.,  500.,  500.,  500.,  500.,  500.,  500.,  500.,  500.,  500.,
          500.,  500.,  500.,  500.,  500.,  500.,  500.,  500.]],
       device='cuda:0'), effort=None, tensor_args=TensorDeviceType(device=device(type='cuda', index=0), dtype=torch.float32, collision_geometry_dtype=torch.float32, collision_gradient_dtype=torch.float32, collision_distance_dtype=torch.float32)), non_fixed_joint_names=['arm_joint1', 'arm_joint2', 'arm_joint3', 'arm_joint4', 'arm_joint5', 'arm_joint6', 'FL_hip_joint', 'FL_thigh_joint', 'FL_calf_joint', 'FR_hip_joint', 'FR_thigh_joint', 'FR_calf_joint', 'RL_hip_joint', 'RL_thigh_joint', 'RL_calf_joint', 'RR_hip_joint', 'RR_thigh_joint', 'RR_calf_joint'], n_dof=18, mesh_link_names=None, joint_names=['arm_joint1', 'arm_joint2', 'arm_joint3', 'arm_joint4', 'arm_joint5', 'arm_joint6', 'FL_hip_joint', 'FL_thigh_joint', 'FL_calf_joint', 'FR_hip_joint', 'FR_thigh_joint', 'FR_calf_joint', 'RL_hip_joint', 'RL_thigh_joint', 'RL_calf_joint', 'RR_hip_joint', 'RR_thigh_joint', 'RR_calf_joint'], lock_jointstate=None, mimic_joints={}, link_spheres=tensor([], device='cuda:0', size=(0, 4)), link_sphere_idx_map=tensor([], device='cuda:0', dtype=torch.int16), link_name_to_idx_map={'base': 0, 'arm_base_link': 1, 'arm_link1': 2, 'arm_link2': 3, 'arm_link3': 4, 'arm_link4': 5, 'arm_link5': 6, 'arm_link6': 7, 'FL_hip': 8, 'FL_thigh': 9, 'FL_calf': 10, 'FL_foot': 11, 'FR_hip': 12, 'FR_thigh': 13, 'FR_calf': 14, 'FR_foot': 15, 'RL_hip': 16, 'RL_thigh': 17, 'RL_calf': 18, 'RL_foot': 19, 'RR_hip': 20, 'RR_thigh': 21, 'RR_calf': 22, 'RR_foot': 23}, total_spheres=0, debug=None, ee_idx=0, cspace=CSpaceConfig(joint_names=['arm_joint1', 'arm_joint2', 'arm_joint3', 'arm_joint4', 'arm_joint5', 'arm_joint6', 'FL_hip_joint', 'FL_thigh_joint', 'FL_calf_joint', 'FR_hip_joint', 'FR_thigh_joint', 'FR_calf_joint', 'RL_hip_joint', 'RL_thigh_joint', 'RL_calf_joint', 'RR_hip_joint', 'RR_thigh_joint', 'RR_calf_joint'], retract_config=tensor([ 0.0000,  0.0000,  0.0000,  0.0000,  0.0000,  0.0000,  0.0000,  0.9600,
        -1.7802,  0.0000,  0.9600, -1.7802,  0.0000,  2.0071, -1.7802,  0.0000,
         2.0071, -1.7802], device='cuda:0'), cspace_distance_weight=tensor([1., 1., 1., 1., 1., 1., 1., 1., 1., 1., 1., 1., 1., 1., 1., 1., 1., 1.],
       device='cuda:0'), null_space_weight=tensor([1., 1., 1., 1., 1., 1., 1., 1., 1., 1., 1., 1., 1., 1., 1., 1., 1., 1.],
       device='cuda:0'), tensor_args=TensorDeviceType(device=device(type='cuda', index=0), dtype=torch.float32, collision_geometry_dtype=torch.float32, collision_gradient_dtype=torch.float32, collision_distance_dtype=torch.float32), max_acceleration=tensor([10., 10., 10., 10., 10., 10., 10., 10., 10., 10., 10., 10., 10., 10.,
        10., 10., 10., 10.], device='cuda:0'), max_jerk=tensor([500., 500., 500., 500., 500., 500., 500., 500., 500., 500., 500., 500.,
        500., 500., 500., 500., 500., 500.], device='cuda:0'), velocity_scale=tensor([1., 1., 1., 1., 1., 1., 1., 1., 1., 1., 1., 1., 1., 1., 1., 1., 1., 1.],
       device='cuda:0'), acceleration_scale=tensor([1., 1., 1., 1., 1., 1., 1., 1., 1., 1., 1., 1., 1., 1., 1., 1., 1., 1.],
       device='cuda:0'), jerk_scale=tensor([1., 1., 1., 1., 1., 1., 1., 1., 1., 1., 1., 1., 1., 1., 1., 1., 1., 1.],
       device='cuda:0'), position_limit_clip=0.0), base_link='base', ee_link=None, reference_link_spheres=tensor([], device='cuda:0', size=(0, 4)), ee_links=['arm_link6', 'FL_foot', 'FR_foot', 'RL_foot', 'RR_foot'], multi_ee_idx=[0, 1, 2, 3, 4]), self_collision_config=None, kinematics_parser=<curobo.cuda_robot_model.urdf_kinematics_parser.UrdfKinematicsParser object at 0x71e13a220550>, compute_jacobian=False, use_global_cumul=True, generator_config=CudaRobotGeneratorConfig(base_link='base', ee_link=None, tensor_args=TensorDeviceType(device=device(type='cuda', index=0), dtype=torch.float32, collision_geometry_dtype=torch.float32, collision_gradient_dtype=torch.float32, collision_distance_dtype=torch.float32), link_names=['arm_link6', 'FL_foot', 'FR_foot', 'RL_foot', 'RR_foot'], collision_link_names=[], collision_spheres=None, collision_sphere_buffer=0.0, compute_jacobian=False, self_collision_buffer=None, self_collision_ignore=None, debug=None, use_global_cumul=True, asset_root_path='/home/chris/culoco/src/culoco/content/assets/robot/go2_arx/urdf', mesh_link_names=None, load_link_names_with_mesh=False, urdf_path='/home/chris/culoco/src/culoco/content/assets/robot/go2_arx/urdf/go2_arx.urdf', usd_path=None, usd_robot_root=None, isaac_usd_path=None, use_usd_kinematics=False, usd_flip_joints={}, usd_flip_joint_limits=[], lock_joints=None, extra_links={}, add_object_link=False, use_external_assets=False, external_asset_path=None, external_robot_configs_path=None, extra_collision_spheres=None, cspace=None, load_meshes=False, enable_multi_chain=True, ee_links=['arm_link6', 'FL_foot', 'FR_foot', 'RL_foot', 'RR_foot'], leg_ee_links=None, arm_ee_link=None)), tensor_args=TensorDeviceType(device=device(type='cuda', index=0), dtype=torch.float32, collision_geometry_dtype=torch.float32, collision_gradient_dtype=torch.float32, collision_distance_dtype=torch.float32))
